Building DAG of jobs...
Using shell: /bin/bash
Provided cluster nodes: 8
Job counts:
	count	jobs
	2	align_pe
	1	all
	2	check_baseFreq
	2	dedup_align
	2	filter_align
	2	make_bigwig
	2	split_bam
	2	trim_pe
	15

[Wed Jul 17 12:47:41 2019]
Job 13: Trimming... [SRR7965431]

Submitted job 13 with external jobid 'Job <222867> is submitted to default queue <normal>.'.

[Wed Jul 17 12:47:41 2019]
Job 14: Trimming... [SRR7965435]

Submitted job 14 with external jobid 'Job <222868> is submitted to default queue <normal>.'.
Waiting at most 60 seconds for missing files.
[Wed Jul 17 12:48:11 2019]
Finished job 13.
1 of 15 steps (7%) done

[Wed Jul 17 12:48:11 2019]
Job 9: Aligning... [name1]

[Wed Jul 17 12:48:11 2019]
Finished job 14.
2 of 15 steps (13%) done
Submitted job 9 with external jobid 'Job <222870> is submitted to default queue <normal>.'.

[Wed Jul 17 12:48:12 2019]
Job 10: Aligning... [name2]

Submitted job 10 with external jobid 'Job <222871> is submitted to default queue <normal>.'.
Waiting at most 60 seconds for missing files.
[Wed Jul 17 12:49:11 2019]
Finished job 9.
3 of 15 steps (20%) done

[Wed Jul 17 12:49:11 2019]
Job 5: Filtering... [name1]

[Wed Jul 17 12:49:11 2019]
Finished job 10.
4 of 15 steps (27%) done
Submitted job 5 with external jobid 'Job <222878> is submitted to default queue <normal>.'.

[Wed Jul 17 12:49:11 2019]
Job 6: Filtering... [name2]

Submitted job 6 with external jobid 'Job <222879> is submitted to default queue <normal>.'.
Waiting at most 60 seconds for missing files.
[Wed Jul 17 12:49:41 2019]
Finished job 5.
5 of 15 steps (33%) done

[Wed Jul 17 12:49:41 2019]
Job 1: Checking baseFrequency... [name1]

[Wed Jul 17 12:49:41 2019]
Finished job 6.
6 of 15 steps (40%) done
Submitted job 1 with external jobid 'Job <222883> is submitted to default queue <normal>.'.

[Wed Jul 17 12:49:42 2019]
Job 11: Deduplicating... [name1]

Submitted job 11 with external jobid 'Job <222884> is submitted to default queue <normal>.'.

[Wed Jul 17 12:49:42 2019]
Job 2: Checking baseFrequency... [name2]

Submitted job 2 with external jobid 'Job <222885> is submitted to default queue <normal>.'.

[Wed Jul 17 12:49:42 2019]
Job 12: Deduplicating... [name2]

Submitted job 12 with external jobid 'Job <222886> is submitted to default queue <normal>.'.
Waiting at most 60 seconds for missing files.
[Wed Jul 17 12:50:12 2019]
Finished job 1.
7 of 15 steps (47%) done
[Wed Jul 17 12:50:12 2019]
Finished job 11.
8 of 15 steps (53%) done

[Wed Jul 17 12:50:12 2019]
Job 7: Splitting BAM file by fragment size... [name1]

[Wed Jul 17 12:50:12 2019]
Finished job 2.
9 of 15 steps (60%) done
[Wed Jul 17 12:50:12 2019]
Finished job 12.
10 of 15 steps (67%) done
Submitted job 7 with external jobid 'Job <222887> is submitted to default queue <normal>.'.

[Wed Jul 17 12:50:12 2019]
Job 8: Splitting BAM file by fragment size... [name2]

Submitted job 8 with external jobid 'Job <222888> is submitted to default queue <normal>.'.
[Wed Jul 17 12:50:22 2019]
Finished job 7.
11 of 15 steps (73%) done

[Wed Jul 17 12:50:22 2019]
Job 3: Making bigWig files... [name1]

[Wed Jul 17 12:50:22 2019]
Finished job 8.
12 of 15 steps (80%) done
Submitted job 3 with external jobid 'Job <222889> is submitted to default queue <normal>.'.

[Wed Jul 17 12:50:22 2019]
Job 4: Making bigWig files... [name2]

Submitted job 4 with external jobid 'Job <222890> is submitted to default queue <normal>.'.
Waiting at most 60 seconds for missing files.
[Wed Jul 17 12:50:52 2019]
Finished job 3.
13 of 15 steps (87%) done
[Wed Jul 17 12:50:52 2019]
Finished job 4.
14 of 15 steps (93%) done

[Wed Jul 17 12:50:52 2019]
localrule all:
    input: 1.2.Align.filtered/BaseFreq/name1.R1.freq.line.png, 1.2.Align.filtered/BaseFreq/name1.R2.freq.line.png, 1.2.Align.filtered/BaseFreq/name2.R1.freq.line.png, 1.2.Align.filtered/BaseFreq/name2.R2.freq.line.png, 2.BigWig/name1.filtered.dedup.nfr.ctr.bw, 2.BigWig/name1.filtered.dedup.nuc.ctr.bw, 2.BigWig/name2.filtered.dedup.nfr.ctr.bw, 2.BigWig/name2.filtered.dedup.nuc.ctr.bw
    jobid: 0

[Wed Jul 17 12:50:52 2019]
Finished job 0.
15 of 15 steps (100%) done
Complete log: /users/limc8h/bin/CnR/Snakemake.skeleton.withName/.snakemake/log/2019-07-17T124739.296742.snakemake.log
