Sender: LSF System <srv-lsf@bmi-460g9-14>
Subject: Job 222904: <module load python3/3.6.3;	snakemake -j 8 --latency-wait 60 		--cluster-config cluster.yml 		--cluster 'bsub -W {cluster.walltime} -n {cluster.cpu} -M {cluster.memory} -J 8686.{cluster.name} -R {cluster.resource} -eo {cluster.error} -oo {cluster.output}'> Done

Job <module load python3/3.6.3;	snakemake -j 8 --latency-wait 60 		--cluster-config cluster.yml 		--cluster 'bsub -W {cluster.walltime} -n {cluster.cpu} -M {cluster.memory} -J 8686.{cluster.name} -R {cluster.resource} -eo {cluster.error} -oo {cluster.output}'> was submitted from host <bmiclusterp3> by user <limc8h> in cluster <BMICluster>.
Job was executed on host(s) <bmi-460g9-14>, in queue <normal>, as user <limc8h> in cluster <BMICluster>.
</tmp/.lsbtmp42176> was used as the home directory.
</users/limc8h/bin/CnR/Snakemake.skeleton> was used as the working directory.
Started at Wed Jul 17 12:52:38 2019
Results reported at Wed Jul 17 12:55:05 2019

Your job looked like:

------------------------------------------------------------
# LSBATCH: User input
	snakemake -j 8 --latency-wait 60 		--cluster-config cluster.yml 		--cluster 'bsub -W {cluster.walltime} -n {cluster.cpu} -M {cluster.memory} -J 8686.{cluster.name} -R {cluster.resource} -eo {cluster.error} -oo {cluster.output}'"
------------------------------------------------------------

Successfully completed.

Resource usage summary:

    CPU time   :      4.36 sec.
    Max Memory :        56 MB
    Max Swap   :      1220 MB

    Max Processes  :         4
    Max Threads    :        14

The output (if any) follows:



PS:

Read file <submit.err> for stderr output of this job.

